WARNING. 13_7_2021: 22:36 --- <module>. (10)
INFO. turn of wallachia. ai = 1, info = 0. --- nation_play. (2317)
INFO. city status Khatatennu. --- status. (915)
DEBUG. Khatatennu grows 36.6. --- population_change. (543)
INFO. city status Khatatennu. --- status. (915)
INFO. set_hidden for wallachia buildings. --- set_hidden_buildings. (1527)
INFO. set_hidden for fighting pit.. --- set_hidden. (194)
INFO. set_hidden for hyenas lair.. --- set_hidden. (194)
INFO. set_hidden for underworld entrance.. --- set_hidden. (194)
INFO. set_hidden for brigand lair.. --- set_hidden. (194)
INFO. set_hidden for hyenas lair.. --- set_hidden. (194)
INFO. check_event for Khatatennu. --- check_events. (433)
INFO. revisando eventos de Khatatennu. --- run. (77)
DEBUG. check training Khatatennu. --- check_training. (463)
DEBUG. check building Khatatennu. --- check_building. (416)
INFO. city status Khatatennu. --- status. (915)
DEBUG. nuevo. --- set_seen_units. (661)
DEBUG. movimiento de unidades. --- nation_play. (2342)
DEBUG. set_defense. --- set_defense. (605)
INFO. new turn self.pos.world.turn=7 to 10  levy. in (10, 11). --- unit_new_turn. (4624)
DEBUG. 10  levy. gets 40. --- maintenanse. (3379)
DEBUG. restaura 10  levy. id 5. --- restoring. (3895)
INFO. set hidden 10  levy. a  forest, plains (10, 11). --- set_hidden. (4073)
DEBUG. food =-4, resolve = 4 roll = 4. --- attrition. (2037)
INFO. new turn self.pos.world.turn=7 to 30  levy. in (13, 15). --- unit_new_turn. (4624)
DEBUG. 30  levy. gets 120. --- maintenanse. (3379)
DEBUG. restaura 30  levy. id 1. --- restoring. (3895)
INFO. set hidden 30  levy. a  plains. (13, 15). --- set_hidden. (4073)
DEBUG. food =-1, resolve = 4 roll = 1. --- attrition. (2037)
INFO. new turn self.pos.world.turn=7 to 20  levy. in (13, 15). --- unit_new_turn. (4624)
DEBUG. 20  levy. gets 80. --- maintenanse. (3379)
DEBUG. restaura 20  levy. id 3. --- restoring. (3895)
INFO. set hidden 20  levy. a  plains. (13, 15). --- set_hidden. (4073)
DEBUG. food =-1, resolve = 4 roll = 2. --- attrition. (2037)
INFO. new turn self.pos.world.turn=7 to 10  levy. in (13, 15). --- unit_new_turn. (4624)
DEBUG. 10  levy. gets 40. --- maintenanse. (3379)
DEBUG. restaura 10  levy. id 6. --- restoring. (3895)
INFO. set hidden 10  levy. a  plains. (13, 15). --- set_hidden. (4073)
DEBUG. food =-1, resolve = 4 roll = 6. --- attrition. (2037)
INFO. new turn self.pos.world.turn=7 to Vasile Enescu. 10  boyar lord. in (14, 15). --- unit_new_turn. (4624)
DEBUG. Vasile Enescu. 10  boyar lord. gets 180. --- maintenanse. (3379)
DEBUG. restaura Vasile Enescu. 10  boyar lord. id 7. --- restoring. (3895)
INFO. set hidden Vasile Enescu. 10  boyar lord. a  waste. (14, 15). --- set_hidden. (4073)
DEBUG. food =-3, resolve = 7 roll = 1. --- attrition. (2037)
INFO. new turn self.pos.world.turn=7 to Glad Vianu. 10  boyar lord. in (13, 15). --- unit_new_turn. (4624)
DEBUG. Glad Vianu. 10  boyar lord. gets 180. --- maintenanse. (3379)
DEBUG. restaura Glad Vianu. 10  boyar lord. id 4. --- restoring. (3895)
INFO. set hidden Glad Vianu. 10  boyar lord. a  plains. (13, 15). --- set_hidden. (4073)
DEBUG. food =-1, resolve = 7 roll = 2. --- attrition. (2037)
DEBUG. set_near_tiles --- set_near_tiles. (3743)
DEBUG. 12 casillas para fundar. --- set_near_tiles. (3768)
DEBUG. colonos 0. --- nation_play. (2364)
INFO. set_free_units. wallachia --- set_free_units. (2677)
DEBUG. time elapses. 0.0. --- set_free_units. (2702)
INFO. ai_add_settler. gold 619.0. --- ai_add_settler. (1331)
DEBUG. pop_req  406.4 de 600. --- ai_add_settler. (1332)
INFO. ai_train_comm wallachia turn 7. --- ai_train_comm. (2755)
DEBUG. set_defense. --- set_defense. (605)
DEBUG. units=10, comms=60. --- ai_train_comm. (2761)
DEBUG. not comm need. --- ai_train_comm. (2784)
INFO. entrenamiento wallachia. turno 7. --- ai_train. (2705)
DEBUG. set_defense. --- set_defense. (605)
DEBUG. Khatatennu. --- ai_train. (2709)
DEBUG. upkeep_limit =645. --- ai_train. (2717)
DEBUG. set_defense. --- set_defense. (605)
DEBUG. amenaza 0. --- ai_train. (2725)
DEBUG. defense_total_percent. 206 --- ai_train. (2726)
DEBUG. military limit. 14.5 de 96.256. --- ai_train. (2727)
DEBUG. fly 0. ranking 0. --- set_seen_units. (708)
DEBUG. human 0. ranking 0. --- set_seen_units. (710)
DEBUG. mounted 0. ranking 0. --- set_seen_units. (712)
DEBUG. rng 0. ranking 0. --- set_seen_units. (714)
DEBUG. undead 0. ranking 0. --- set_seen_units. (716)
DEBUG. wild 0. ranking 0. --- set_seen_units. (718)
DEBUG. sort by nation traits. --- set_train_type. (726)
DEBUG. recividos 3. --- set_train_type. (730)
DEBUG. av anticav 0. --- set_train_type. (787)
DEBUG. total rnk 0. --- set_train_type. (788)
DEBUG. limit 100. --- set_train_type. (789)
DEBUG. av sacred 0. --- set_train_type. (800)
DEBUG. total rnk 0. --- set_train_type. (801)
DEBUG. limit 20. --- set_train_type. (802)
DEBUG. av archers 0. --- set_train_type. (822)
DEBUG. total rnk 0 --- set_train_type. (823)
DEBUG. limit 20. --- set_train_type. (824)
DEBUG. av mounted 0. --- set_train_type. (836)
DEBUG. total rnk 0.0. --- set_train_type. (837)
DEBUG. limit 30. --- set_train_type. (838)
DEBUG. expensive. --- set_train_type. (846)
DEBUG. entrenables 2. --- ai_train. (2736)
DEBUG. entrenables ['skeleton', 'ghoul']. --- ai_train. (2741)
INFO. requicitos de 10  skeleton.. --- req_unit. (3612)
DEBUG. suma upkeep 641. --- ai_train. (2744)
INFO. entrena 10  skeleton. en Khatatennu. --- train. (974)
INFO. reduce 0 de Khatatennu (406.4 pop). --- reduce_pop. (559)
DEBUG. time elapses. 0.06539297103881836. --- ai_train. (2752)
INFO. build_military_upgrade. --- improve_military. (1408)
INFO. new buildings for wallachia. --- set_new_buildings. (1557)
INFO. city status Khatatennu. --- status. (915)
DEBUG. not enough gold for buildings. --- set_new_buildings. (1567)
INFO. build_misc_upgrade. --- improve_misc. (1426)
INFO. build_food_upgrade. --- improve_food. (1384)
DEBUG. not enough defensive. --- improve_food. (1386)
DEBUG. upgradables len(buildings)=2. --- improve_food. (1389)
DEBUG. 8. --- improve_food. (1394)
DEBUG. grouth_min decreased to 4.0. --- improve_food. (1397)
DEBUG. food not need. --- improve_food. (1399)
DEBUG. 8. --- improve_food. (1394)
DEBUG. grouth_min decreased to 4.0. --- improve_food. (1397)
DEBUG. food not need. --- improve_food. (1399)
INFO. ai_expand_city Khatatennu. gold 604.0 --- ai_expand_city. (1528)
DEBUG. skipping by build military path. --- ai_expand_city. (1532)
INFO. setup_commanders for wallachia. --- setup_commanders. (1639)
DEBUG. comms=[<data.items.BoierLord object at 0x000002AE012E3220>]. --- setup_commanders. (1644)
DEBUG. Vasile Enescu. 10  boyar lord.. --- setup_commanders. (1646)
DEBUG. setup threat=0. --- setup_commanders. (1654)
DEBUG. leadership=42.0. --- setup_commanders. (1657)
INFO. Vasile Enescu. 10  boyar lord. leading 0 creates  42.0 --- create_group. (2908)
DEBUG. available before to set_lead_traits 0. --- create_group. (2943)
DEBUG. available after to set_lead_traits 0. --- create_group. (2948)
DEBUG. not units available. --- create_group. (2951)
DEBUG. set_lead_disband for Glad Vianu. 10  boyar lord.. --- set_lead_disband. (4253)
DEBUG. lead disband: threat=0, self.pos.defense=265. --- set_lead_disband. (4263)
INFO. divide 20  levy.. --- split. (4511)
DEBUG. 20  levy. hp 200 units 20 mínimo 10. --- split. (4515)
DEBUG. splits 20  levy.. --- set_lead_disband. (4279)
DEBUG. Glad Vianu. 10  boyar lord. self.leadership=60, self.leading=60. --- set_lead_disband. (4280)
INFO. divide 30  levy.. --- split. (4511)
DEBUG. 30  levy. hp 300 units 30 mínimo 10. --- split. (4515)
DEBUG. splits 30  levy.. --- set_lead_disband. (4279)
DEBUG. Glad Vianu. 10  boyar lord. self.leadership=60, self.leading=60. --- set_lead_disband. (4280)
INFO. divide 20  levy.. --- split. (4511)
DEBUG. 20  levy. hp 200 units 20 mínimo 10. --- split. (4515)
DEBUG. splits 20  levy.. --- set_lead_disband. (4279)
DEBUG. Glad Vianu. 10  boyar lord. self.leadership=60, self.leading=60. --- set_lead_disband. (4280)
INFO. divide 20  levy.. --- split. (4511)
DEBUG. 20  levy. hp 200 units 20 mínimo 10. --- split. (4515)
INFO. set_army_auto for Glad Vianu. 10  boyar lord.. --- set_army_auto. (4021)
DEBUG. layout defensive1. --- set_army_auto. (4024)
INFO. ai_add_explorer wallachia. world.turn= 7. --- ai_add_explorer. (1369)
DEBUG. nation.score=174, nation.seen_threat=0. --- ai_add_explorer. (1370)
DEBUG. set_defense. --- set_defense. (605)
DEBUG. not available units. --- ai_add_explorer. (1387)
INFO. proteger casillas wallachia turno 7.. --- ai_protect_tiles. (2432)
DEBUG.  plains.. (12, 15) needs 51.8 defense. --- ai_protect_tiles. (2464)
DEBUG. Glad Vianu. 10  boyar lord., garrison 1, mp [2, 2]. --- ai_protect_tiles. (2498)
DEBUG. breakcs by not need defense --- ai_protect_tiles. (2549)
DEBUG. 0 unidades disponibles iniciales.
          ranking total 0. --- ai_protect_tiles. (2604)
DEBUG.  plains.. (12, 16) needs 49.6 defense. --- ai_protect_tiles. (2464)
DEBUG. Glad Vianu. 10  boyar lord., garrison 1, mp [2, 2]. --- ai_protect_tiles. (2498)
DEBUG. breakcs by not need defense --- ai_protect_tiles. (2549)
DEBUG. 0 unidades disponibles iniciales.
          ranking total 0. --- ai_protect_tiles. (2604)
DEBUG.  hill, waste.. (13, 16) needs 39.6 defense. --- ai_protect_tiles. (2464)
DEBUG. Glad Vianu. 10  boyar lord., garrison 1, mp [2, 2]. --- ai_protect_tiles. (2498)
DEBUG. continues by unit is comm and tile is city but no threats. --- ai_protect_tiles. (2512)
DEBUG. Vasile Enescu. 10  boyar lord., garrison 1, mp [2, 2]. --- ai_protect_tiles. (2498)
DEBUG. continues by unit is comm and tile is city but no threats. --- ai_protect_tiles. (2512)
DEBUG. 0 unidades disponibles iniciales.
          ranking total 0. --- ai_protect_tiles. (2604)
DEBUG.  forest, plains. (13, 17) needs 27.9 defense. --- ai_protect_tiles. (2464)
DEBUG. 0 unidades disponibles iniciales.
          ranking total 0. --- ai_protect_tiles. (2604)
DEBUG.  hill, waste.. (14, 16) needs 25.0 defense. --- ai_protect_tiles. (2464)
DEBUG. Glad Vianu. 10  boyar lord., garrison 1, mp [2, 2]. --- ai_protect_tiles. (2498)
DEBUG. breakcs by not need defense --- ai_protect_tiles. (2549)
DEBUG. Vasile Enescu. 10  boyar lord., garrison 1, mp [2, 2]. --- ai_protect_tiles. (2498)
DEBUG. breakcs by not need defense --- ai_protect_tiles. (2549)
DEBUG. 0 unidades disponibles iniciales.
          ranking total 0. --- ai_protect_tiles. (2604)
DEBUG.  hill, waste.. (14, 17) needs 24.6 defense. --- ai_protect_tiles. (2464)
DEBUG. 0 unidades disponibles iniciales.
          ranking total 0. --- ai_protect_tiles. (2604)
DEBUG.  plains.. (12, 17) needs 14.600000000000001 defense. --- ai_protect_tiles. (2464)
DEBUG. 0 unidades disponibles iniciales.
          ranking total 0. --- ai_protect_tiles. (2604)
DEBUG. time elapses. 0.01348257064819336. --- ai_protect_tiles. (2674)
INFO. commander move for wallachia. --- ai_commander_moves. (2193)
DEBUG. ataque hidden. --- set_attack. (4032)
DEBUG. same nation.. --- ai_commander_moves. (2220)
INFO. oportunist_attack for Glad Vianu. 10  boyar lord.. --- oportunist_attack. (3688)
DEBUG. 0 casillas. --- oportunist_attack. (3693)
DEBUG. casillas 6. --- ai_commander_moves. (2262)
DEBUG. uni_food=160. --- ai_commander_moves. (2263)
DEBUG.  hill, waste. (14, 16). it.food_need=0, it.food=60,
            it.defense=0, it.around_threat+it.threat=0. --- ai_commander_moves. (2269)
DEBUG. not enoug food. --- ai_commander_moves. (2276)
DEBUG.  hill, waste. (13, 16). it.food_need=0, it.food=300,
            it.defense=0, it.around_threat+it.threat=0. --- ai_commander_moves. (2269)
DEBUG. city Khatatennu but there is not threat. --- ai_commander_moves. (2282)
DEBUG.  plains. (12, 16). it.food_need=0, it.food=300,
            it.defense=0, it.around_threat+it.threat=0. --- ai_commander_moves. (2269)
DEBUG. city Khatatennu but there is not threat. --- ai_commander_moves. (2282)
DEBUG.  plains. (12, 15). it.food_need=0, it.food=300,
            it.defense=0, it.around_threat+it.threat=0. --- ai_commander_moves. (2269)
DEBUG. city Khatatennu but there is not threat. --- ai_commander_moves. (2282)
DEBUG.  plains. (13, 15). it.food_need=160, it.food=200,
            it.defense=265, it.around_threat+it.threat=0. --- ai_commander_moves. (2269)
DEBUG. not enoug food. --- ai_commander_moves. (2276)
DEBUG.  waste. (14, 15). it.food_need=40, it.food=100,
            it.defense=59, it.around_threat+it.threat=0. --- ai_commander_moves. (2269)
DEBUG. not enoug food. --- ai_commander_moves. (2276)
DEBUG. ataque hidden. --- set_attack. (4032)
DEBUG. same nation.. --- ai_commander_moves. (2220)
INFO. oportunist_attack for Vasile Enescu. 10  boyar lord.. --- oportunist_attack. (3688)
DEBUG. 0 casillas. --- oportunist_attack. (3693)
DEBUG. casillas 4. --- ai_commander_moves. (2262)
DEBUG. uni_food=40. --- ai_commander_moves. (2263)
DEBUG.  hill, waste. (14, 16). it.food_need=0, it.food=60,
            it.defense=0, it.around_threat+it.threat=0. --- ai_commander_moves. (2269)
DEBUG. city Khatatennu but there is not threat. --- ai_commander_moves. (2282)
DEBUG.  hill, waste. (13, 16). it.food_need=0, it.food=300,
            it.defense=0, it.around_threat+it.threat=0. --- ai_commander_moves. (2269)
DEBUG. city Khatatennu but there is not threat. --- ai_commander_moves. (2282)
DEBUG.  plains. (13, 15). it.food_need=160, it.food=200,
            it.defense=265, it.around_threat+it.threat=0. --- ai_commander_moves. (2269)
DEBUG. city Khatatennu but there is not threat. --- ai_commander_moves. (2282)
DEBUG.  waste. (14, 15). it.food_need=40, it.food=100,
            it.defense=59, it.around_threat+it.threat=0. --- ai_commander_moves. (2269)
DEBUG. city Khatatennu but there is not threat. --- ai_commander_moves. (2282)
INFO. commander cast. --- ai_unit_cast. (2789)
INFO. ai_garrison. --- ai_garrison. (1814)
DEBUG. set_defense. --- set_defense. (605)
INFO. ai_explore {nation}. {world.turn= }.. --- ai_explore. (1607)
DEBUG. 1 exploradores. --- ai_explore. (1611)
DEBUG. movimiento aleatoreo para 10  levy. en  forest, plains, (10, 11). --- random_move. (3808)
DEBUG. len(sq)= 8. --- random_move. (3818)
DEBUG. self.ranking=38. --- random_move. (3837)
DEBUG. ordena por miedo --- random_move. (3845)
DEBUG. ordena para exploración --- random_move. (3854)
DEBUG. 8 casillas finales. --- random_move. (3871)
DEBUG. rnd*fear=54.6 s.around_threat=0. --- random_move. (3877)
DEBUG. rnd 27.3 amenaza 0 in  hill, plains., (10, 10). --- random_move. (3881)
DEBUG. move_set 10  levy. on  forest, plains (10, 11). --- move_set. (3384)
DEBUG. mueve cerca 10  levy. 5. --- moving_unit. (3639)
DEBUG. mp 2, cost 3. --- moving_unit. (3650)
DEBUG. menor. --- moving_unit. (3653)
INFO. ai_attack --- ai_attack. (1425)
INFO. ajuste de grupos --- ai_free_groups. (1630)
INFO. unidades libres. --- ai_free_units. (1684)
INFO. commander move for wallachia. --- ai_commander_moves. (2193)
DEBUG. ataque hidden. --- set_attack. (4032)
DEBUG. same nation.. --- ai_commander_moves. (2220)
INFO. oportunist_attack for Glad Vianu. 10  boyar lord.. --- oportunist_attack. (3688)
DEBUG. 0 casillas. --- oportunist_attack. (3693)
DEBUG. casillas 6. --- ai_commander_moves. (2262)
DEBUG. uni_food=160. --- ai_commander_moves. (2263)
DEBUG.  hill, waste. (14, 16). it.food_need=0, it.food=60,
            it.defense=0, it.around_threat+it.threat=0. --- ai_commander_moves. (2269)
DEBUG. not enoug food. --- ai_commander_moves. (2276)
DEBUG.  hill, waste. (13, 16). it.food_need=0, it.food=300,
            it.defense=0, it.around_threat+it.threat=0. --- ai_commander_moves. (2269)
DEBUG. city Khatatennu but there is not threat. --- ai_commander_moves. (2282)
DEBUG.  plains. (12, 16). it.food_need=0, it.food=300,
            it.defense=0, it.around_threat+it.threat=0. --- ai_commander_moves. (2269)
DEBUG. city Khatatennu but there is not threat. --- ai_commander_moves. (2282)
DEBUG.  plains. (12, 15). it.food_need=0, it.food=300,
            it.defense=0, it.around_threat+it.threat=0. --- ai_commander_moves. (2269)
DEBUG. city Khatatennu but there is not threat. --- ai_commander_moves. (2282)
DEBUG.  plains. (13, 15). it.food_need=160, it.food=200,
            it.defense=265, it.around_threat+it.threat=0. --- ai_commander_moves. (2269)
DEBUG. not enoug food. --- ai_commander_moves. (2276)
DEBUG.  waste. (14, 15). it.food_need=40, it.food=100,
            it.defense=59, it.around_threat+it.threat=0. --- ai_commander_moves. (2269)
DEBUG. not enoug food. --- ai_commander_moves. (2276)
DEBUG. ataque hidden. --- set_attack. (4032)
DEBUG. same nation.. --- ai_commander_moves. (2220)
INFO. oportunist_attack for Vasile Enescu. 10  boyar lord.. --- oportunist_attack. (3688)
DEBUG. 0 casillas. --- oportunist_attack. (3693)
DEBUG. casillas 4. --- ai_commander_moves. (2262)
DEBUG. uni_food=40. --- ai_commander_moves. (2263)
DEBUG.  hill, waste. (14, 16). it.food_need=0, it.food=60,
            it.defense=0, it.around_threat+it.threat=0. --- ai_commander_moves. (2269)
DEBUG. city Khatatennu but there is not threat. --- ai_commander_moves. (2282)
DEBUG.  hill, waste. (13, 16). it.food_need=0, it.food=300,
            it.defense=0, it.around_threat+it.threat=0. --- ai_commander_moves. (2269)
DEBUG. city Khatatennu but there is not threat. --- ai_commander_moves. (2282)
DEBUG.  plains. (13, 15). it.food_need=160, it.food=200,
            it.defense=265, it.around_threat+it.threat=0. --- ai_commander_moves. (2269)
DEBUG. city Khatatennu but there is not threat. --- ai_commander_moves. (2282)
DEBUG.  waste. (14, 15). it.food_need=40, it.food=100,
            it.defense=59, it.around_threat+it.threat=0. --- ai_commander_moves. (2269)
DEBUG. city Khatatennu but there is not threat. --- ai_commander_moves. (2282)
INFO. commander cast. --- ai_unit_cast. (2789)
INFO. setup_commanders for wallachia. --- setup_commanders. (1639)
DEBUG. comms=[<data.items.BoierLord object at 0x000002AE012E3220>]. --- setup_commanders. (1644)
DEBUG. Vasile Enescu. 10  boyar lord.. --- setup_commanders. (1646)
DEBUG. setup threat=0. --- setup_commanders. (1654)
DEBUG. leadership=42.0. --- setup_commanders. (1657)
INFO. Vasile Enescu. 10  boyar lord. leading 0 creates  42.0 --- create_group. (2908)
DEBUG. available before to set_lead_traits 0. --- create_group. (2943)
DEBUG. available after to set_lead_traits 0. --- create_group. (2948)
DEBUG. not units available. --- create_group. (2951)
DEBUG. set_lead_disband for Glad Vianu. 10  boyar lord.. --- set_lead_disband. (4253)
DEBUG. lead disband: threat=0, self.pos.defense=265. --- set_lead_disband. (4263)
INFO. divide 20  levy.. --- split. (4511)
DEBUG. 20  levy. hp 200 units 20 mínimo 10. --- split. (4515)
DEBUG. splits 20  levy.. --- set_lead_disband. (4279)
DEBUG. Glad Vianu. 10  boyar lord. self.leadership=60, self.leading=60. --- set_lead_disband. (4280)
INFO. divide 30  levy.. --- split. (4511)
DEBUG. 30  levy. hp 300 units 30 mínimo 10. --- split. (4515)
DEBUG. splits 30  levy.. --- set_lead_disband. (4279)
DEBUG. Glad Vianu. 10  boyar lord. self.leadership=60, self.leading=60. --- set_lead_disband. (4280)
INFO. divide 20  levy.. --- split. (4511)
DEBUG. 20  levy. hp 200 units 20 mínimo 10. --- split. (4515)
DEBUG. splits 20  levy.. --- set_lead_disband. (4279)
DEBUG. Glad Vianu. 10  boyar lord. self.leadership=60, self.leading=60. --- set_lead_disband. (4280)
INFO. set_army_auto for Glad Vianu. 10  boyar lord.. --- set_army_auto. (4021)
DEBUG. layout defensive1. --- set_army_auto. (4024)
INFO. ai_unit_disband. --- ai_unit_disband. (2811)
DEBUG. set_defense. --- set_defense. (605)
DEBUG. set_defense. --- set_defense. (605)
DEBUG. set_defense. --- set_defense. (605)
DEBUG. nuevo turno. --- new_turn. (4479)
INFO. turn 8. --- new_turn. (4509)
INFO. morning,  january, year 1. --- new_turn. (4510)
DEBUG. ai_random --- ai_random. (3855)
DEBUG. set_defense. --- set_defense. (605)
DEBUG. set_defense. --- set_defense. (605)
DEBUG. set_defense. --- set_defense. (605)
DEBUG.  MASTER. spell cast rain in  forest, grassland (7, 7). --- set_msg0. (141)
DEBUG. set_defense. --- set_defense. (605)
DEBUG. set_defense. --- set_defense. (605)
DEBUG. set_defense. --- set_defense. (605)
DEBUG.  MASTER. spell cast rain in  forest, grassland (7, 15). --- set_msg0. (141)
INFO. add_random_buildings world.turn=8. --- add_random_buildings. (947)
INFO. setup_commanders for malignant. --- setup_commanders. (1639)
DEBUG. comms=[<data.items.VampireLord object at 0x000002AE013DA250>]. --- setup_commanders. (1644)
DEBUG. Glad Stinga.  vampire lord.. --- setup_commanders. (1646)
DEBUG. setup threat=0. --- setup_commanders. (1654)
DEBUG. leadership=50. --- setup_commanders. (1657)
DEBUG. is random --- setup_commanders. (1662)
INFO. Glad Stinga.  vampire lord. leading 14 creates  50 --- create_group. (2908)
DEBUG. leadership moved to 36. --- create_group. (2914)
DEBUG. available before to set_lead_traits 0. --- create_group. (2943)
DEBUG. available after to set_lead_traits 0. --- create_group. (2948)
DEBUG. not units available. --- create_group. (2951)
DEBUG. set_lead_disband for Glad Stinga.  vampire lord.. --- set_lead_disband. (4253)
DEBUG. lead disband: threat=0, self.pos.defense=0. --- set_lead_disband. (4263)
INFO. divide 5  vampire.. --- split. (4511)
DEBUG. 5  vampire. hp 75 units 5 mínimo 1. --- split. (4515)
INFO. set_army_auto for Glad Stinga.  vampire lord.. --- set_army_auto. (4021)
DEBUG. layout defensive1. --- set_army_auto. (4024)
INFO. setup_commanders for hell. --- setup_commanders. (1639)
DEBUG. comms=[]. --- setup_commanders. (1644)
INFO. setup_commanders for nature. --- setup_commanders. (1639)
DEBUG. comms=[]. --- setup_commanders. (1644)
INFO. setup_commanders for order. --- setup_commanders. (1639)
DEBUG. comms=[]. --- setup_commanders. (1644)
INFO. setup_commanders for orcs. --- setup_commanders. (1639)
DEBUG. comms=[<data.items.OrcCaptain object at 0x000002AE012EC460>]. --- setup_commanders. (1644)
DEBUG. Zargulg Yargol. 10  orc captain.. --- setup_commanders. (1646)
DEBUG. setup threat=0. --- setup_commanders. (1654)
DEBUG. leadership=90. --- setup_commanders. (1657)
DEBUG. is random --- setup_commanders. (1662)
INFO. Zargulg Yargol. 10  orc captain. leading 19 creates  90 --- create_group. (2908)
DEBUG. leadership moved to 71. --- create_group. (2914)
DEBUG. available before to set_lead_traits 0. --- create_group. (2943)
DEBUG. available after to set_lead_traits 0. --- create_group. (2948)
DEBUG. not units available. --- create_group. (2951)
DEBUG. set_lead_disband for Zargulg Yargol. 10  orc captain.. --- set_lead_disband. (4253)
DEBUG. lead disband: threat=0, self.pos.defense=0. --- set_lead_disband. (4263)
INFO. set_army_auto for Zargulg Yargol. 10  orc captain.. --- set_army_auto. (4021)
DEBUG. layout defensive1. --- set_army_auto. (4024)
INFO. setup_commanders for wild. --- setup_commanders. (1639)
DEBUG. comms=[]. --- setup_commanders. (1644)
DEBUG. set_defense. --- set_defense. (605)
DEBUG. set_defense. --- set_defense. (605)
DEBUG. set_defense. --- set_defense. (605)
DEBUG.  MASTER. spell cast rain in  coast. (20, 14). --- set_msg0. (141)
DEBUG.  MASTER. spell cast rain in  coast. (7, 19). --- set_msg0. (141)
DEBUG.  MASTER. spell cast rain in  plains. (12, 17). --- set_msg0. (141)
DEBUG. restaura 19  orc warriors. id 2. --- restoring. (3895)
INFO. set hidden 19  orc warriors. a  tundra. (16, 4). --- set_hidden. (4073)
DEBUG. food =-1, resolve = 4 roll = 3. --- attrition. (2037)
DEBUG. restaura 10  vampire. id 2. --- restoring. (3895)
INFO. set hidden 10  vampire. a  plains. (3, 11). --- set_hidden. (4073)
DEBUG. restaura 4  vampire. id 3. --- restoring. (3895)
INFO. set hidden 4  vampire. a  plains. (3, 11). --- set_hidden. (4073)
DEBUG. restaura 6  hyena. id 1. --- restoring. (3895)
INFO. set hidden 6  hyena. a  waste. (13, 12). --- set_hidden. (4073)
INFO. set hidden 6  hyena. a  waste. (13, 11). --- set_hidden. (4073)
DEBUG. checking position. --- check_position. (2174)
INFO. oportunist_attack for 6  hyena.. --- oportunist_attack. (3688)
DEBUG. 0 casillas. --- oportunist_attack. (3693)
DEBUG. food =-4, resolve = 4 roll = 2. --- attrition. (2037)
DEBUG. acción aleatórea para 6  hyena. en  waste. (13, 11). --- ai_action_random. (1285)
DEBUG. salud 71. mp [3, 4] --- ai_action_random. (1287)
DEBUG. rnd=27.89636416146823, itm.pos.threat=0. --- ai_action_random. (1307)
DEBUG. ataque hidden. --- set_attack. (4032)
DEBUG. movimiento aleatoreo para 6  hyena. en  waste., (13, 11). --- random_move. (3808)
DEBUG. 9 casillas iniciales. --- random_move. (3814)
DEBUG. len(sq)= 9. --- random_move. (3818)
DEBUG. self.ranking=26. --- random_move. (3837)
DEBUG. ordena por miedo --- random_move. (3845)
DEBUG. 9 casillas finales. --- random_move. (3871)
DEBUG. rnd*fear=72.0 s.around_threat=0. --- random_move. (3877)
DEBUG. rnd 48.0 amenaza 0 in  waste., (13, 12). --- random_move. (3881)
DEBUG. move_set 6  hyena. on  waste. (13, 11). --- move_set. (3384)
DEBUG. mueve cerca 6  hyena. 1. --- moving_unit. (3639)
DEBUG. mp 3, cost 2. --- moving_unit. (3650)
DEBUG. mayor. --- moving_unit. (3660)
INFO. set hidden 6  hyena. a  waste. (13, 12). --- set_hidden. (4073)
DEBUG. hidden 0. --- moving_unit. (3665)
DEBUG. checking position. --- check_position. (2174)
DEBUG. rnd=20.230239999858732, itm.pos.threat=0. --- ai_action_random. (1307)
DEBUG. ataque hidden. --- set_attack. (4032)
DEBUG. movimiento aleatoreo para 6  hyena. en  waste., (13, 12). --- random_move. (3808)
DEBUG. 9 casillas iniciales. --- random_move. (3814)
DEBUG. len(sq)= 9. --- random_move. (3818)
DEBUG. sorted. --- random_move. (3829)
DEBUG. casillas pobladas. --- random_move. (3833)
DEBUG. self.ranking=26. --- random_move. (3837)
DEBUG. ordena por miedo --- random_move. (3845)
DEBUG. 9 casillas finales. --- random_move. (3871)
DEBUG. rnd*fear=54.0 s.around_threat=0. --- random_move. (3877)
DEBUG. rnd 36.0 amenaza 0 in  waste., (14, 13). --- random_move. (3881)
DEBUG. move_set 6  hyena. on  waste. (13, 12). --- move_set. (3384)
DEBUG. mueve cerca 6  hyena. 1. --- moving_unit. (3639)
DEBUG. mp 1, cost 2. --- moving_unit. (3650)
DEBUG. menor. --- moving_unit. (3653)
DEBUG. restaura 11  hyena. id 3. --- restoring. (3895)
INFO. set hidden 11  hyena. a  waste. (16, 13). --- set_hidden. (4073)
INFO. oportunist_attack for 11  hyena.. --- oportunist_attack. (3688)
DEBUG. 0 casillas. --- oportunist_attack. (3693)
DEBUG. food =-3, resolve = 4 roll = 1. --- attrition. (2037)
DEBUG. acción aleatórea para 11  hyena. en  waste. (16, 13). --- ai_action_random. (1285)
DEBUG. salud 132. mp [4, 4] --- ai_action_random. (1287)
DEBUG. rnd=29.427903681175295, itm.pos.threat=0. --- ai_action_random. (1307)
DEBUG. ataque hidden. --- set_attack. (4032)
DEBUG. no moves by randomness. --- ai_action_random. (1318)
DEBUG. restaura 11  hyena. id 2. --- restoring. (3895)
INFO. set hidden 11  hyena. a  waste. (16, 14). --- set_hidden. (4073)
INFO. oportunist_attack for 11  hyena.. --- oportunist_attack. (3688)
DEBUG. 0 casillas. --- oportunist_attack. (3693)
DEBUG. food =-3, resolve = 4 roll = 6. --- attrition. (2037)
DEBUG. acción aleatórea para 11  hyena. en  waste. (16, 14). --- ai_action_random. (1285)
DEBUG. salud 132. mp [4, 4] --- ai_action_random. (1287)
DEBUG. rnd=38.064628203558534, itm.pos.threat=0. --- ai_action_random. (1307)
DEBUG. ataque hidden. --- set_attack. (4032)
DEBUG. movimiento aleatoreo para 11  hyena. en  waste., (16, 14). --- random_move. (3808)
DEBUG. 9 casillas iniciales. --- random_move. (3814)
DEBUG. len(sq)= 9. --- random_move. (3818)
DEBUG. sorted. --- random_move. (3829)
DEBUG. casillas pobladas. --- random_move. (3833)
DEBUG. self.ranking=33. --- random_move. (3837)
DEBUG. ordena por miedo --- random_move. (3845)
DEBUG. 9 casillas finales. --- random_move. (3871)
DEBUG. rnd*fear=76.5 s.around_threat=0. --- random_move. (3877)
DEBUG. rnd 51.0 amenaza 0 in  waste., (16, 13). --- random_move. (3881)
DEBUG. move_set 11  hyena. on  waste. (16, 14). --- move_set. (3384)
DEBUG. mueve cerca 11  hyena. 2. --- moving_unit. (3639)
DEBUG. mp 4, cost 2. --- moving_unit. (3650)
DEBUG. mayor. --- moving_unit. (3660)
INFO. set hidden 11  hyena. a  waste. (16, 13). --- set_hidden. (4073)
DEBUG. hidden 0. --- moving_unit. (3665)
DEBUG. checking position. --- check_position. (2174)
INFO. set_hidden for fighting pit.. --- set_hidden. (194)
DEBUG. rnd=37.84134425227744, itm.pos.threat=0. --- ai_action_random. (1307)
DEBUG. ataque hidden. --- set_attack. (4032)
DEBUG. movimiento aleatoreo para 11  hyena. en  waste., (16, 13). --- random_move. (3808)
DEBUG. 9 casillas iniciales. --- random_move. (3814)
DEBUG. len(sq)= 9. --- random_move. (3818)
DEBUG. sorted. --- random_move. (3829)
DEBUG. casillas pobladas. --- random_move. (3833)
DEBUG. self.ranking=33. --- random_move. (3837)
DEBUG. ordena por miedo --- random_move. (3845)
DEBUG. 9 casillas finales. --- random_move. (3871)
DEBUG. rnd*fear=69.75 s.around_threat=0. --- random_move. (3877)
DEBUG. rnd 46.5 amenaza 0 in  waste., (16, 14). --- random_move. (3881)
DEBUG. move_set 11  hyena. on  waste. (16, 13). --- move_set. (3384)
DEBUG. mueve cerca 11  hyena. 2. --- moving_unit. (3639)
DEBUG. mp 2, cost 2. --- moving_unit. (3650)
DEBUG. mayor. --- moving_unit. (3660)
INFO. set hidden 11  hyena. a  waste. (16, 14). --- set_hidden. (4073)
DEBUG. hidden 0. --- moving_unit. (3665)
DEBUG. checking position. --- check_position. (2174)
DEBUG. restaura Zargulg Yargol. 10  orc captain. id 1. --- restoring. (3895)
INFO. set hidden Zargulg Yargol. 10  orc captain. a  tundra. (16, 4). --- set_hidden. (4073)
INFO. oportunist_attack for Zargulg Yargol. 10  orc captain.. --- oportunist_attack. (3688)
DEBUG. 0 casillas. --- oportunist_attack. (3693)
DEBUG. food =-1, resolve = 8 roll = 6. --- attrition. (2037)
DEBUG. acción aleatórea para Zargulg Yargol. 10  orc captain. en  tundra. (16, 4). --- ai_action_random. (1285)
DEBUG. salud 100. mp [2, 2] --- ai_action_random. (1287)
DEBUG. rnd=82.68825232358526, itm.pos.threat=0. --- ai_action_random. (1307)
DEBUG. ataque hidden. --- set_attack. (4032)
DEBUG. movimiento aleatoreo para Zargulg Yargol. 10  orc captain. en  tundra., (16, 4). --- random_move. (3808)
DEBUG. 7 casillas iniciales. --- random_move. (3814)
DEBUG. len(sq)= 7. --- random_move. (3818)
DEBUG. self.ranking=111. --- random_move. (3837)
DEBUG. ordena por miedo --- random_move. (3845)
DEBUG. 7 casillas finales. --- random_move. (3871)
DEBUG. rnd*fear=264.6 s.around_threat=0. --- random_move. (3877)
DEBUG. rnd 132.3 amenaza 0 in  tundra., (16, 3). --- random_move. (3881)
DEBUG. move_set Zargulg Yargol. 10  orc captain. on  tundra. (16, 4). --- move_set. (3384)
DEBUG. mueve cerca Zargulg Yargol. 10  orc captain. 1. --- moving_unit. (3639)
DEBUG. mp 2, cost 2. --- moving_unit. (3650)
DEBUG. mayor. --- moving_unit. (3660)
INFO. set hidden 19  orc warriors. a  tundra. (16, 3). --- set_hidden. (4073)
INFO. set hidden Zargulg Yargol. 10  orc captain. a  tundra. (16, 3). --- set_hidden. (4073)
DEBUG. hidden 0. --- moving_unit. (3665)
DEBUG. checking position. --- check_position. (2174)
DEBUG. checking position. --- check_position. (2174)
DEBUG. restaura Glad Stinga.  vampire lord. id 1. --- restoring. (3895)
INFO. set hidden Glad Stinga.  vampire lord. a  plains. (3, 11). --- set_hidden. (4073)
INFO. oportunist_attack for Glad Stinga.  vampire lord.. --- oportunist_attack. (3688)
DEBUG. 0 casillas. --- oportunist_attack. (3693)
DEBUG. acción aleatórea para Glad Stinga.  vampire lord. en  plains. (3, 11). --- ai_action_random. (1285)
DEBUG. salud 30. mp [2, 2] --- ai_action_random. (1287)
INFO. commander cast. --- ai_unit_cast. (2789)
DEBUG. rnd=103.44829235135789, itm.pos.threat=0. --- ai_action_random. (1307)
DEBUG. ataque hidden. --- set_attack. (4032)
DEBUG. movimiento aleatoreo para Glad Stinga.  vampire lord. en  plains., (3, 11). --- random_move. (3808)
DEBUG. 6 casillas iniciales. --- random_move. (3814)
DEBUG. len(sq)= 6. --- random_move. (3818)
DEBUG. self.ranking=185. --- random_move. (3837)
DEBUG. ordena por miedo --- random_move. (3845)
DEBUG. 6 casillas finales. --- random_move. (3871)
DEBUG. rnd*fear=487.20000000000005 s.around_threat=0. --- random_move. (3877)
DEBUG. rnd 243.60000000000002 amenaza 0 in  plains., (3, 10). --- random_move. (3881)
DEBUG. move_set Glad Stinga.  vampire lord. on  plains. (3, 11). --- move_set. (3384)
DEBUG. mueve cerca Glad Stinga.  vampire lord. 1. --- moving_unit. (3639)
DEBUG. mp 2, cost 2. --- moving_unit. (3650)
DEBUG. mayor. --- moving_unit. (3660)
INFO. set hidden 10  vampire. a  plains. (3, 10). --- set_hidden. (4073)
INFO. set hidden 4  vampire. a  plains. (3, 10). --- set_hidden. (4073)
INFO. set hidden Glad Stinga.  vampire lord. a  plains. (3, 10). --- set_hidden. (4073)
DEBUG. hidden 0. --- moving_unit. (3665)
DEBUG. checking position. --- check_position. (2174)
INFO. set_hidden for fighting pit.. --- set_hidden. (194)
DEBUG. checking position. --- check_position. (2174)
INFO. set_hidden for fighting pit.. --- set_hidden. (194)
DEBUG. checking position. --- check_position. (2174)
INFO. set_hidden for fighting pit.. --- set_hidden. (194)
INFO. commander cast. --- ai_unit_cast. (2789)
INFO. turn of wood elves. ai = 1, info = 0. --- nation_play. (2317)
INFO. city status Vinyamar. --- status. (915)
DEBUG. Vinyamar grows 46.3. --- population_change. (543)
INFO. city status Vinyamar. --- status. (915)
INFO. set_hidden for wood elves buildings. --- set_hidden_buildings. (1527)
INFO. set_hidden for goblin lair.. --- set_hidden. (194)
INFO. check_event for Vinyamar. --- check_events. (433)
DEBUG. check training Vinyamar. --- check_training. (463)
DEBUG. check building Vinyamar. --- check_building. (416)
INFO. city status Vinyamar. --- status. (915)
DEBUG. nuevo. --- set_seen_units. (661)
DEBUG. movimiento de unidades. --- nation_play. (2342)
DEBUG. set_defense. --- set_defense. (605)
INFO. new turn self.pos.world.turn=8 to 10  forest guard. in (4, 4). --- unit_new_turn. (4624)
DEBUG. 10  forest guard. gets 60. --- maintenanse. (3379)
DEBUG. restaura 10  forest guard. id 6. --- restoring. (3895)
INFO. set hidden 10  forest guard. a  tundra. (4, 4). --- set_hidden. (4073)
DEBUG. food =-4, resolve = 6 roll = 5. --- attrition. (2037)
INFO. new turn self.pos.world.turn=8 to 10  forest guard. in (6, 4). --- unit_new_turn. (4624)
DEBUG. 10  forest guard. gets 60. --- maintenanse. (3379)
DEBUG. restaura 10  forest guard. id 7. --- restoring. (3895)
INFO. set hidden 10  forest guard. a  grassland. (6, 4). --- set_hidden. (4073)
DEBUG. food =-5, resolve = 6 roll = 2. --- attrition. (2037)
INFO. new turn self.pos.world.turn=8 to 50  forest guard. in (5, 6). --- unit_new_turn. (4624)
DEBUG. 50  forest guard. gets 300. --- maintenanse. (3379)
DEBUG. restaura 50  forest guard. id 2. --- restoring. (3895)
INFO. set hidden 50  forest guard. a  forest, grassland (5, 6). --- set_hidden. (4073)
DEBUG. food =-2, resolve = 7 roll = 2. --- attrition. (2037)
INFO. new turn self.pos.world.turn=8 to 10  forest guard. in (5, 6). --- unit_new_turn. (4624)
DEBUG. 10  forest guard. gets 60. --- maintenanse. (3379)
DEBUG. restaura 10  forest guard. id 8. --- restoring. (3895)
INFO. set hidden 10  forest guard. a  forest, grassland (5, 6). --- set_hidden. (4073)
DEBUG. food =-2, resolve = 7 roll = 1. --- attrition. (2037)
INFO. new turn self.pos.world.turn=8 to 10  forest guard. in (5, 6). --- unit_new_turn. (4624)
DEBUG. 10  forest guard. gets 60. --- maintenanse. (3379)
DEBUG. restaura 10  forest guard. id 9. --- restoring. (3895)
INFO. set hidden 10  forest guard. a  forest, grassland (5, 6). --- set_hidden. (4073)
DEBUG. food =-2, resolve = 7 roll = 1. --- attrition. (2037)
INFO. new turn self.pos.world.turn=8 to 10  forest guard. in (6, 7). --- unit_new_turn. (4624)
DEBUG. 10  forest guard. gets 60. --- maintenanse. (3379)
DEBUG. restaura 10  forest guard. id 1. --- restoring. (3895)
INFO. set hidden 10  forest guard. a  forest, grassland (6, 7). --- set_hidden. (4073)
DEBUG. food =-5, resolve = 7 roll = 6. --- attrition. (2037)
INFO. new turn self.pos.world.turn=8 to 10  forest guard. in (7, 7). --- unit_new_turn. (4624)
DEBUG. 10  forest guard. gets 60. --- maintenanse. (3379)
DEBUG. restaura 10  forest guard. id 3. --- restoring. (3895)
INFO. set hidden 10  forest guard. a  forest, grassland (7, 7). --- set_hidden. (4073)
DEBUG. move_unit for 10  forest guard. on  forest, grassland, (7, 7). --- move_unit. (3582)
DEBUG. 10  forest guard. (wood elves) moves to  forest, grassland., (6, 7) --- move_unit. (3597)
DEBUG. mp 2 de 2, costo 2. --- move_unit. (3598)
DEBUG. mueve cerca 10  forest guard. 3. --- moving_unit. (3639)
DEBUG. mp 2, cost 2. --- moving_unit. (3650)
DEBUG. mayor. --- moving_unit. (3660)
INFO. set hidden 10  forest guard. a  forest, grassland (6, 7). --- set_hidden. (4073)
DEBUG. hidden 1. --- moving_unit. (3665)
DEBUG. checking position. --- check_position. (2174)
INFO. set_hidden for grove.. --- set_hidden. (194)
DEBUG. food =-4, resolve = 7 roll = 6. --- attrition. (2037)
INFO. new turn self.pos.world.turn=8 to 10  forest guard. in (5, 12). --- unit_new_turn. (4624)
DEBUG. 10  forest guard. gets 60. --- maintenanse. (3379)
DEBUG. restaura 10  forest guard. id 5. --- restoring. (3895)
INFO. set hidden 10  forest guard. a  swamp, plains (5, 12). --- set_hidden. (4073)
DEBUG. move_unit for 10  forest guard. on  swamp, plains, (5, 12). --- move_unit. (3582)
DEBUG. 10  forest guard. (wood elves) moves to  swamp, plains., (6, 12) --- move_unit. (3597)
DEBUG. mp 2 de 2, costo 2. --- move_unit. (3598)
DEBUG. mueve cerca 10  forest guard. 5. --- moving_unit. (3639)
DEBUG. mp 2, cost 2. --- moving_unit. (3650)
DEBUG. mayor. --- moving_unit. (3660)
INFO. set hidden 10  forest guard. a  swamp, plains (6, 12). --- set_hidden. (4073)
DEBUG. hidden 0. --- moving_unit. (3665)
DEBUG. checking position. --- check_position. (2174)
DEBUG. food =-4, resolve = 6 roll = 6. --- attrition. (2037)
INFO. new turn self.pos.world.turn=8 to Aredhel Tyrael. 5  Path finder. in (5, 6). --- unit_new_turn. (4624)
DEBUG. Aredhel Tyrael. 5  Path finder. gets 125. --- maintenanse. (3379)
DEBUG. restaura Aredhel Tyrael. 5  Path finder. id 4. --- restoring. (3895)
INFO. set hidden Aredhel Tyrael. 5  Path finder. a  forest, grassland (5, 6). --- set_hidden. (4073)
DEBUG. food =-2, resolve = 9 roll = 1. --- attrition. (2037)
DEBUG. set_near_tiles --- set_near_tiles. (3743)
DEBUG. 18 casillas para fundar. --- set_near_tiles. (3768)
DEBUG. colonos 0. --- nation_play. (2364)
INFO. set_free_units. wood elves --- set_free_units. (2677)
DEBUG. time elapses. 0.0. --- set_free_units. (2702)
INFO. ai_add_settler. gold 766.0. --- ai_add_settler. (1331)
DEBUG. pop_req  499.0 de 1000. --- ai_add_settler. (1332)
INFO. ai_train_comm wood elves turn 8. --- ai_train_comm. (2755)
DEBUG. set_defense. --- set_defense. (605)
DEBUG. units=70, comms=10. --- ai_train_comm. (2761)
DEBUG. ct.defense_total_percent = 159. --- ai_train_comm. (2766)
DEBUG. available commanders 1. --- ai_train_comm. (2771)
INFO. requicitos de Alvaerelle Farlamin. 5  Path finder.. --- req_unit. (3612)
DEBUG. Alvaerelle Farlamin. 5  Path finder. suma upkeep 870. --- ai_train_comm. (2778)
INFO. entrena Alvaerelle Farlamin. 5  Path finder. en Vinyamar. --- train. (974)
INFO. reduce 15 de Vinyamar (499.0 pop). --- reduce_pop. (559)
INFO. entrenamiento wood elves. turno 8. --- ai_train. (2705)
DEBUG. set_defense. --- set_defense. (605)
DEBUG. Vinyamar. --- ai_train. (2709)
DEBUG. time elapses. 0.00648951530456543. --- ai_train. (2752)
INFO. build_military_upgrade. --- improve_military. (1408)
INFO. new buildings for wood elves. --- set_new_buildings. (1557)
INFO. city status Vinyamar. --- status. (915)
DEBUG. not enough gold for buildings. --- set_new_buildings. (1567)
INFO. build_misc_upgrade. --- improve_misc. (1426)
INFO. build_food_upgrade. --- improve_food. (1384)
DEBUG. not enough defensive. --- improve_food. (1386)
DEBUG. upgradables len(buildings)=3. --- improve_food. (1389)
DEBUG. 6. --- improve_food. (1394)
DEBUG. food not need. --- improve_food. (1399)
DEBUG. 6. --- improve_food. (1394)
DEBUG. food not need. --- improve_food. (1399)
DEBUG. 6. --- improve_food. (1394)
DEBUG. food not need. --- improve_food. (1399)
INFO. ai_expand_city Vinyamar. gold 516.0 --- ai_expand_city. (1528)
INFO. setup_commanders for wood elves. --- setup_commanders. (1639)
DEBUG. comms=[<data.items.PathFinder object at 0x000002AE013888E0>]. --- setup_commanders. (1644)
DEBUG. Aredhel Tyrael. 5  Path finder.. --- setup_commanders. (1646)
DEBUG. setup threat=0. --- setup_commanders. (1654)
DEBUG. leadership=42.0. --- setup_commanders. (1657)
INFO. Aredhel Tyrael. 5  Path finder. leading 50 creates  42.0 --- create_group. (2908)
DEBUG. leadership moved to 10. --- create_group. (2914)
DEBUG. available before to set_lead_traits 6. --- create_group. (2943)
DEBUG. available after to set_lead_traits 6. --- create_group. (2948)
DEBUG. self.leadership= 60 self.leading= 50. --- create_group. (2957)
DEBUG. encuentra a 10  forest guard. --- create_group. (2958)
DEBUG. full leading. --- create_group. (2974)
DEBUG. set_lead_disband for Aredhel Tyrael. 5  Path finder.. --- set_lead_disband. (4253)
DEBUG. lead disband: threat=0, self.pos.defense=453. --- set_lead_disband. (4263)
INFO. set_army_auto for Aredhel Tyrael. 5  Path finder.. --- set_army_auto. (4021)
DEBUG. layout defensive1. --- set_army_auto. (4024)
INFO. ai_add_explorer wood elves. world.turn= 8. --- ai_add_explorer. (1369)
DEBUG. nation.score=293, nation.seen_threat=0. --- ai_add_explorer. (1370)
DEBUG. set_defense. --- set_defense. (605)
DEBUG. scouts=4, scout_limit=4. --- ai_add_explorer. (1396)
INFO. proteger casillas wood elves turno 8.. --- ai_protect_tiles. (2432)
DEBUG.  forest, grassland. (5, 7) needs 171.0 defense. --- ai_protect_tiles. (2464)
DEBUG. Aredhel Tyrael. 5  Path finder., garrison 1, mp [2, 2]. --- ai_protect_tiles. (2498)
DEBUG. continues by unit is comm and tile is city but no threats. --- ai_protect_tiles. (2512)
DEBUG. 10  forest guard., garrison 0, mp [2, 2]. --- ai_protect_tiles. (2498)
DEBUG. 10  forest guard., garrison 0, mp [2, 2]. --- ai_protect_tiles. (2498)
DEBUG. 2 unidades disponibles iniciales.
          ranking total 80. --- ai_protect_tiles. (2604)
DEBUG. sort to forest. --- ai_protect_tiles. (2612)
DEBUG. sort by not mounted. --- ai_protect_tiles. (2626)
DEBUG. 10  forest guard. de (5, 6) defenderá  forest, grassland (5, 7). --- ai_protect_tiles. (2656)
DEBUG. defensa 40 needs 171.0. --- ai_protect_tiles. (2660)
DEBUG. move_set 10  forest guard. on  forest, grassland (5, 6). --- move_set. (3384)
DEBUG. mueve cerca 10  forest guard. 9. --- moving_unit. (3639)
DEBUG. mp 2, cost 2. --- moving_unit. (3650)
DEBUG. mayor. --- moving_unit. (3660)
INFO. set hidden 10  forest guard. a  forest, grassland (5, 7). --- set_hidden. (4073)
DEBUG. hidden 0. --- moving_unit. (3665)
DEBUG. checking position. --- check_position. (2174)
INFO. set_hidden for falcon refuge.. --- set_hidden. (194)
DEBUG. move_set 10  forest guard. on  forest, grassland (5, 7). --- move_set. (3384)
DEBUG. 10  forest guard. de (6, 7) defenderá  forest, grassland (5, 7). --- ai_protect_tiles. (2656)
DEBUG. defensa 80 needs 171.0. --- ai_protect_tiles. (2660)
DEBUG. move_set 10  forest guard. on  forest, grassland (6, 7). --- move_set. (3384)
DEBUG. mueve cerca 10  forest guard. 1. --- moving_unit. (3639)
DEBUG. mp 2, cost 2. --- moving_unit. (3650)
DEBUG. mayor. --- moving_unit. (3660)
INFO. set hidden 10  forest guard. a  forest, grassland (5, 7). --- set_hidden. (4073)
DEBUG. hidden 0. --- moving_unit. (3665)
DEBUG. checking position. --- check_position. (2174)
INFO. set_hidden for falcon refuge.. --- set_hidden. (194)
DEBUG. move_set 10  forest guard. on  forest, grassland (5, 7). --- move_set. (3384)
DEBUG.  forest, grassland. (6, 6) needs 69.2 defense. --- ai_protect_tiles. (2464)
DEBUG. Aredhel Tyrael. 5  Path finder., garrison 1, mp [2, 2]. --- ai_protect_tiles. (2498)
DEBUG. breakcs by not need defense --- ai_protect_tiles. (2549)
DEBUG. 0 unidades disponibles iniciales.
          ranking total 0. --- ai_protect_tiles. (2604)
DEBUG.  forest, grassland. (6, 8) needs 31.4 defense. --- ai_protect_tiles. (2464)
DEBUG. 0 unidades disponibles iniciales.
          ranking total 0. --- ai_protect_tiles. (2604)
DEBUG.  forest, grassland. (4, 7) needs 30.200000000000003 defense. --- ai_protect_tiles. (2464)
DEBUG. Aredhel Tyrael. 5  Path finder., garrison 1, mp [2, 2]. --- ai_protect_tiles. (2498)
DEBUG. breakcs by not need defense --- ai_protect_tiles. (2549)
DEBUG. 0 unidades disponibles iniciales.
          ranking total 0. --- ai_protect_tiles. (2604)
DEBUG.  forest, grassland. (4, 8) needs 29.3 defense. --- ai_protect_tiles. (2464)
DEBUG. 0 unidades disponibles iniciales.
          ranking total 0. --- ai_protect_tiles. (2604)
DEBUG.  hill, grassland.. (5, 8) needs 23.4 defense. --- ai_protect_tiles. (2464)
DEBUG. 0 unidades disponibles iniciales.
          ranking total 0. --- ai_protect_tiles. (2604)
DEBUG.  grassland.. (4, 6) needs 4.7 defense. --- ai_protect_tiles. (2464)
DEBUG. Aredhel Tyrael. 5  Path finder., garrison 1, mp [2, 2]. --- ai_protect_tiles. (2498)
DEBUG. breakcs by not need defense --- ai_protect_tiles. (2549)
DEBUG. 0 unidades disponibles iniciales.
          ranking total 0. --- ai_protect_tiles. (2604)
DEBUG. time elapses. 0.018969297409057617. --- ai_protect_tiles. (2674)
INFO. commander move for wood elves. --- ai_commander_moves. (2193)
DEBUG. ataque hidden. --- set_attack. (4032)
DEBUG. same nation.. --- ai_commander_moves. (2220)
INFO. oportunist_attack for Aredhel Tyrael. 5  Path finder.. --- oportunist_attack. (3688)
DEBUG. 0 casillas. --- oportunist_attack. (3693)
DEBUG. casillas 6. --- ai_commander_moves. (2262)
DEBUG. uni_food=150. --- ai_commander_moves. (2263)
DEBUG.  forest, grassland (4, 7). it.food_need=0, it.food=210,
            it.defense=0, it.around_threat+it.threat=0. --- ai_commander_moves. (2269)
DEBUG. city Vinyamar but there is not threat. --- ai_commander_moves. (2282)
DEBUG.  grassland. (4, 6). it.food_need=0, it.food=300,
            it.defense=0, it.around_threat+it.threat=0. --- ai_commander_moves. (2269)
DEBUG. city Vinyamar but there is not threat. --- ai_commander_moves. (2282)
DEBUG.  forest, grassland (5, 7). it.food_need=40, it.food=420,
            it.defense=80, it.around_threat+it.threat=0. --- ai_commander_moves. (2269)
DEBUG. city Vinyamar but there is not threat. --- ai_commander_moves. (2282)
DEBUG.  forest, grassland (6, 7). it.food_need=20, it.food=315,
            it.defense=61, it.around_threat+it.threat=0. --- ai_commander_moves. (2269)
DEBUG. city Vinyamar but there is not threat. --- ai_commander_moves. (2282)
DEBUG.  forest, grassland (6, 6). it.food_need=0, it.food=315,
            it.defense=0, it.around_threat+it.threat=0. --- ai_commander_moves. (2269)
DEBUG. city Vinyamar but there is not threat. --- ai_commander_moves. (2282)
DEBUG.  forest, grassland (5, 6). it.food_need=150, it.food=315,
            it.defense=413, it.around_threat+it.threat=0. --- ai_commander_moves. (2269)
DEBUG. city Vinyamar but there is not threat. --- ai_commander_moves. (2282)
INFO. commander cast. --- ai_unit_cast. (2789)
INFO. ai_garrison. --- ai_garrison. (1814)
DEBUG. set_defense. --- set_defense. (605)
INFO. ai_explore {nation}. {world.turn= }.. --- ai_explore. (1607)
DEBUG. 3 exploradores. --- ai_explore. (1611)
DEBUG. movimiento aleatoreo para 10  forest guard. en  forest, grassland, (5, 6). --- random_move. (3808)
DEBUG. len(sq)= 8. --- random_move. (3818)
DEBUG. self.ranking=61. --- random_move. (3837)
DEBUG. ordena por miedo --- random_move. (3845)
DEBUG. ordena para exploración --- random_move. (3854)
DEBUG. 8 casillas finales. --- random_move. (3871)
DEBUG. rnd*fear=114 s.around_threat=0. --- random_move. (3877)
DEBUG. rnd 57 amenaza 0 in  grassland., (4, 5). --- random_move. (3881)
DEBUG. move_set 10  forest guard. on  forest, grassland (5, 6). --- move_set. (3384)
DEBUG. mueve cerca 10  forest guard. 8. --- moving_unit. (3639)
DEBUG. mp 2, cost 2. --- moving_unit. (3650)
DEBUG. mayor. --- moving_unit. (3660)
INFO. set hidden 10  forest guard. a  grassland. (4, 5). --- set_hidden. (4073)
DEBUG. hidden 1. --- moving_unit. (3665)
DEBUG. checking position. --- check_position. (2174)
DEBUG. movimiento aleatoreo para 10  forest guard. en  grassland., (6, 4). --- random_move. (3808)
DEBUG. len(sq)= 8. --- random_move. (3818)
DEBUG. self.ranking=36. --- random_move. (3837)
DEBUG. ordena para exploración --- random_move. (3854)
DEBUG. 8 casillas finales. --- random_move. (3871)
DEBUG. rnd*fear=68 s.around_threat=0. --- random_move. (3877)
DEBUG. rnd 34 amenaza 0 in  tundra., (7, 3). --- random_move. (3881)
DEBUG. move_set 10  forest guard. on  grassland. (6, 4). --- move_set. (3384)
DEBUG. mueve cerca 10  forest guard. 7. --- moving_unit. (3639)
DEBUG. mp 2, cost 2. --- moving_unit. (3650)
DEBUG. mayor. --- moving_unit. (3660)
INFO. set hidden 10  forest guard. a  tundra. (7, 3). --- set_hidden. (4073)
DEBUG. hidden 0. --- moving_unit. (3665)
DEBUG. checking position. --- check_position. (2174)
DEBUG. movimiento aleatoreo para 10  forest guard. en  tundra., (4, 4). --- random_move. (3808)
DEBUG. len(sq)= 8. --- random_move. (3818)
DEBUG. self.ranking=35. --- random_move. (3837)
DEBUG. ordena por miedo --- random_move. (3845)
DEBUG. ordena para exploración --- random_move. (3854)
DEBUG. 8 casillas finales. --- random_move. (3871)
DEBUG. rnd*fear=66 s.around_threat=0. --- random_move. (3877)
DEBUG. rnd 33 amenaza 0 in  hill, tundra., (4, 3). --- random_move. (3881)
DEBUG. move_set 10  forest guard. on  tundra. (4, 4). --- move_set. (3384)
DEBUG. mueve cerca 10  forest guard. 6. --- moving_unit. (3639)
DEBUG. mp 2, cost 3. --- moving_unit. (3650)
DEBUG. menor. --- moving_unit. (3653)
INFO. ai_attack --- ai_attack. (1425)
INFO. ajuste de grupos --- ai_free_groups. (1630)
INFO. unidades libres. --- ai_free_units. (1684)
DEBUG. 3 unidades libres. --- ai_free_units. (1690)
DEBUG. 10  forest guard.. ranking 61 en  forest, grassland (6, 7). --- ai_free_units. (1695)
DEBUG. 10  forest guard.. ranking 40 en  forest, grassland (5, 7). --- ai_free_units. (1695)
DEBUG. 10  forest guard.. ranking 40 en  forest, grassland (5, 7). --- ai_free_units. (1695)
INFO. commander move for wood elves. --- ai_commander_moves. (2193)
DEBUG. ataque hidden. --- set_attack. (4032)
DEBUG. same nation.. --- ai_commander_moves. (2220)
INFO. oportunist_attack for Aredhel Tyrael. 5  Path finder.. --- oportunist_attack. (3688)
DEBUG. 0 casillas. --- oportunist_attack. (3693)
DEBUG. casillas 6. --- ai_commander_moves. (2262)
DEBUG. uni_food=130. --- ai_commander_moves. (2263)
DEBUG.  forest, grassland (4, 7). it.food_need=0, it.food=210,
            it.defense=0, it.around_threat+it.threat=0. --- ai_commander_moves. (2269)
DEBUG. city Vinyamar but there is not threat. --- ai_commander_moves. (2282)
DEBUG.  grassland. (4, 6). it.food_need=0, it.food=300,
            it.defense=0, it.around_threat+it.threat=0. --- ai_commander_moves. (2269)
DEBUG. city Vinyamar but there is not threat. --- ai_commander_moves. (2282)
DEBUG.  forest, grassland (5, 7). it.food_need=40, it.food=420,
            it.defense=80, it.around_threat+it.threat=0. --- ai_commander_moves. (2269)
DEBUG. city Vinyamar but there is not threat. --- ai_commander_moves. (2282)
DEBUG.  forest, grassland (6, 7). it.food_need=20, it.food=315,
            it.defense=61, it.around_threat+it.threat=0. --- ai_commander_moves. (2269)
DEBUG. city Vinyamar but there is not threat. --- ai_commander_moves. (2282)
DEBUG.  forest, grassland (6, 6). it.food_need=0, it.food=315,
            it.defense=0, it.around_threat+it.threat=0. --- ai_commander_moves. (2269)
DEBUG. city Vinyamar but there is not threat. --- ai_commander_moves. (2282)
DEBUG.  forest, grassland (5, 6). it.food_need=130, it.food=315,
            it.defense=352, it.around_threat+it.threat=0. --- ai_commander_moves. (2269)
DEBUG. city Vinyamar but there is not threat. --- ai_commander_moves. (2282)
INFO. commander cast. --- ai_unit_cast. (2789)
INFO. setup_commanders for wood elves. --- setup_commanders. (1639)
DEBUG. comms=[<data.items.PathFinder object at 0x000002AE013888E0>]. --- setup_commanders. (1644)
DEBUG. Aredhel Tyrael. 5  Path finder.. --- setup_commanders. (1646)
DEBUG. setup threat=0. --- setup_commanders. (1654)
DEBUG. leadership=42.0. --- setup_commanders. (1657)
INFO. Aredhel Tyrael. 5  Path finder. leading 50 creates  42.0 --- create_group. (2908)
DEBUG. leadership moved to 10. --- create_group. (2914)
DEBUG. available before to set_lead_traits 5. --- create_group. (2943)
DEBUG. available after to set_lead_traits 5. --- create_group. (2948)
DEBUG. self.leadership= 60 self.leading= 50. --- create_group. (2957)
DEBUG. encuentra a 10  forest guard. --- create_group. (2958)
DEBUG. full leading. --- create_group. (2974)
DEBUG. set_lead_disband for Aredhel Tyrael. 5  Path finder.. --- set_lead_disband. (4253)
DEBUG. lead disband: threat=0, self.pos.defense=352. --- set_lead_disband. (4263)
INFO. set_army_auto for Aredhel Tyrael. 5  Path finder.. --- set_army_auto. (4021)
DEBUG. layout defensive1. --- set_army_auto. (4024)
INFO. ai_unit_disband. --- ai_unit_disband. (2811)
